app/build/intermediates/manifest_merge_blame_file/debug/manifest-merger-blame-debug-report.txt
1<?xml version="1.0" encoding="utf-8"?>
2<manifest xmlns:android="http://schemas.android.com/apk/res/android"
3    package="com.cooliris.media"
4    android:versionCode="30682"
5    android:versionName="1.1.30682" >
6
7    <uses-sdk
7-->src/main/AndroidManifest.xml:173:5-43
8        android:minSdkVersion="5"
8-->src/main/AndroidManifest.xml:173:15-40
9        android:targetSdkVersion="5" />
9-->src/main/AndroidManifest.xml:173:5-43
10
11    <uses-permission android:name="android.permission.SET_WALLPAPER" />
11-->src/main/AndroidManifest.xml:174:5-72
11-->src/main/AndroidManifest.xml:174:22-69
12    <uses-permission android:name="android.permission.WRITE_EXTERNAL_STORAGE" />
12-->src/main/AndroidManifest.xml:175:5-81
12-->src/main/AndroidManifest.xml:175:22-78
13    <uses-permission android:name="android.permission.GET_ACCOUNTS" />
13-->src/main/AndroidManifest.xml:176:5-71
13-->src/main/AndroidManifest.xml:176:22-68
14    <uses-permission android:name="android.permission.USE_CREDENTIALS" />
14-->src/main/AndroidManifest.xml:177:5-74
14-->src/main/AndroidManifest.xml:177:22-71
15    <uses-permission android:name="android.permission.INTERNET" />
15-->src/main/AndroidManifest.xml:178:5-67
15-->src/main/AndroidManifest.xml:178:22-64
16    <uses-permission android:name="android.permission.VIBRATE" />
16-->src/main/AndroidManifest.xml:179:5-66
16-->src/main/AndroidManifest.xml:179:22-63
17    <uses-permission android:name="android.permission.WAKE_LOCK" />
17-->src/main/AndroidManifest.xml:180:5-68
17-->src/main/AndroidManifest.xml:180:22-65
18    <uses-permission android:name="android.permission.RECEIVE_BOOT_COMPLETED" />
18-->src/main/AndroidManifest.xml:181:5-81
18-->src/main/AndroidManifest.xml:181:22-78
19    <uses-permission android:name="android.permission.READ_SYNC_SETTINGS" />
19-->src/main/AndroidManifest.xml:182:5-77
19-->src/main/AndroidManifest.xml:182:22-74
20    <uses-permission android:name="android.permission.WRITE_SYNC_SETTINGS" />
20-->src/main/AndroidManifest.xml:183:5-78
20-->src/main/AndroidManifest.xml:183:22-75
21    <uses-permission android:name="android.permission.MANAGE_ACCOUNTS" />
21-->src/main/AndroidManifest.xml:184:5-74
21-->src/main/AndroidManifest.xml:184:22-71
22    <uses-permission android:name="android.permission.ACCESS_FINE_LOCATION" />
22-->src/main/AndroidManifest.xml:185:5-79
22-->src/main/AndroidManifest.xml:185:22-76
23    <uses-permission android:name="android.permission.ACCESS_COARSE_LOCATION" />
23-->src/main/AndroidManifest.xml:186:5-81
23-->src/main/AndroidManifest.xml:186:22-78
24
25    <supports-screens
25-->src/main/AndroidManifest.xml:188:5-190:37
26        android:anyDensity="true"
26-->src/main/AndroidManifest.xml:190:9-34
27        android:largeScreens="true"
27-->src/main/AndroidManifest.xml:189:38-65
28        android:normalScreens="true"
28-->src/main/AndroidManifest.xml:189:9-37
29        android:smallScreens="false" />
29-->src/main/AndroidManifest.xml:188:23-51
30
31    <application
31-->src/main/AndroidManifest.xml:7:5-171:19
32        android:debuggable="true"
32-->src/main/AndroidManifest.xml:8:9-34
33        android:icon="@drawable/icon"
33-->src/main/AndroidManifest.xml:7:18-47
34        android:label="@string/app_name"
34-->src/main/AndroidManifest.xml:7:48-80
35        android:testOnly="true" >
36        <activity
36-->src/main/AndroidManifest.xml:9:9-55:20
37            android:name="com.cooliris.media.Gallery"
37-->src/main/AndroidManifest.xml:9:19-42
38            android:clearTaskOnLaunch="true"
38-->src/main/AndroidManifest.xml:12:13-45
39            android:configChanges="keyboardHidden|orientation"
39-->src/main/AndroidManifest.xml:11:13-63
40            android:label="@string/app_name"
40-->src/main/AndroidManifest.xml:9:43-75
41            android:noHistory="false"
41-->src/main/AndroidManifest.xml:12:46-71
42            android:stateNotNeeded="true"
42-->src/main/AndroidManifest.xml:12:72-101
43            android:theme="@android:style/Theme.NoTitleBar.Fullscreen" >
43-->src/main/AndroidManifest.xml:10:13-71
44            <intent-filter>
44-->src/main/AndroidManifest.xml:13:13-16:29
45                <action android:name="android.intent.action.MAIN" />
45-->src/main/AndroidManifest.xml:14:17-69
45-->src/main/AndroidManifest.xml:14:25-66
46
47                <category android:name="android.intent.category.LAUNCHER" />
47-->src/main/AndroidManifest.xml:15:17-77
47-->src/main/AndroidManifest.xml:15:27-74
48            </intent-filter>
49            <intent-filter>
49-->src/main/AndroidManifest.xml:17:13-21:29
50                <action android:name="android.intent.action.GET_CONTENT" />
50-->src/main/AndroidManifest.xml:18:17-76
50-->src/main/AndroidManifest.xml:18:25-73
51
52                <category android:name="android.intent.category.OPENABLE" />
52-->src/main/AndroidManifest.xml:19:17-77
52-->src/main/AndroidManifest.xml:19:27-74
53
54                <data android:mimeType="vnd.android.cursor.dir/image" />
54-->src/main/AndroidManifest.xml:20:17-73
54-->src/main/AndroidManifest.xml:20:23-70
55            </intent-filter>
56            <intent-filter>
56-->src/main/AndroidManifest.xml:22:13-28:29
57                <action android:name="android.intent.action.GET_CONTENT" />
57-->src/main/AndroidManifest.xml:18:17-76
57-->src/main/AndroidManifest.xml:18:25-73
58
59                <category android:name="android.intent.category.OPENABLE" />
59-->src/main/AndroidManifest.xml:19:17-77
59-->src/main/AndroidManifest.xml:19:27-74
60                <category android:name="android.intent.category.DEFAULT" />
60-->src/main/AndroidManifest.xml:25:17-76
60-->src/main/AndroidManifest.xml:25:27-73
61
62                <data android:mimeType="image/*" />
62-->src/main/AndroidManifest.xml:20:17-73
62-->src/main/AndroidManifest.xml:20:23-70
63                <data android:mimeType="video/*" />
63-->src/main/AndroidManifest.xml:20:17-73
63-->src/main/AndroidManifest.xml:20:23-70
64            </intent-filter>
65            <intent-filter>
65-->src/main/AndroidManifest.xml:29:13-34:29
66                <action android:name="android.intent.action.PICK" />
66-->src/main/AndroidManifest.xml:30:17-69
66-->src/main/AndroidManifest.xml:30:25-66
67
68                <category android:name="android.intent.category.DEFAULT" />
68-->src/main/AndroidManifest.xml:25:17-76
68-->src/main/AndroidManifest.xml:25:27-73
69
70                <data android:mimeType="image/*" />
70-->src/main/AndroidManifest.xml:20:17-73
70-->src/main/AndroidManifest.xml:20:23-70
71                <data android:mimeType="video/*" />
71-->src/main/AndroidManifest.xml:20:17-73
71-->src/main/AndroidManifest.xml:20:23-70
72            </intent-filter>
73            <intent-filter>
73-->src/main/AndroidManifest.xml:35:13-39:29
74                <action android:name="android.intent.action.PICK" />
74-->src/main/AndroidManifest.xml:30:17-69
74-->src/main/AndroidManifest.xml:30:25-66
75
76                <category android:name="android.intent.category.DEFAULT" />
76-->src/main/AndroidManifest.xml:25:17-76
76-->src/main/AndroidManifest.xml:25:27-73
77
78                <data android:mimeType="vnd.android.cursor.dir/image" />
78-->src/main/AndroidManifest.xml:20:17-73
78-->src/main/AndroidManifest.xml:20:23-70
79            </intent-filter>
80            <intent-filter>
80-->src/main/AndroidManifest.xml:40:13-44:29
81                <action android:name="android.intent.action.VIEW" />
81-->src/main/AndroidManifest.xml:41:17-69
81-->src/main/AndroidManifest.xml:41:25-66
82
83                <category android:name="android.intent.category.DEFAULT" />
83-->src/main/AndroidManifest.xml:25:17-76
83-->src/main/AndroidManifest.xml:25:27-73
84
85                <data android:mimeType="vnd.android.cursor.dir/image" />
85-->src/main/AndroidManifest.xml:20:17-73
85-->src/main/AndroidManifest.xml:20:23-70
86            </intent-filter>
87            <intent-filter>
87-->src/main/AndroidManifest.xml:40:13-44:29
88                <action android:name="android.intent.action.VIEW" />
88-->src/main/AndroidManifest.xml:41:17-69
88-->src/main/AndroidManifest.xml:41:25-66
89
90                <category android:name="android.intent.category.DEFAULT" />
90-->src/main/AndroidManifest.xml:25:17-76
90-->src/main/AndroidManifest.xml:25:27-73
91
92                <data android:mimeType="vnd.android.cursor.dir/image" />
92-->src/main/AndroidManifest.xml:20:17-73
92-->src/main/AndroidManifest.xml:20:23-70
93            </intent-filter>
94            <intent-filter>
94-->src/main/AndroidManifest.xml:50:13-54:29
95                <action android:name="android.intent.action.VIEW" />
95-->src/main/AndroidManifest.xml:41:17-69
95-->src/main/AndroidManifest.xml:41:25-66
96
97                <category android:name="android.intent.category.DEFAULT" />
97-->src/main/AndroidManifest.xml:25:17-76
97-->src/main/AndroidManifest.xml:25:27-73
98
99                <data android:mimeType="image/*" />
99-->src/main/AndroidManifest.xml:20:17-73
99-->src/main/AndroidManifest.xml:20:23-70
100            </intent-filter>
101        </activity>
102        <activity
102-->src/main/AndroidManifest.xml:56:9-65:20
103            android:name="com.cooliris.media.CropImage"
103-->src/main/AndroidManifest.xml:56:19-43
104            android:configChanges="orientation|keyboardHidden"
104-->src/main/AndroidManifest.xml:57:13-63
105            android:label="@string/crop_label" >
105-->src/main/AndroidManifest.xml:57:64-98
106            <intent-filter android:label="@string/crop_label" >
106-->src/main/AndroidManifest.xml:58:13-64:29
106-->src/main/AndroidManifest.xml:58:28-62
107                <action android:name="com.android.camera.action.CROP" />
107-->src/main/AndroidManifest.xml:59:17-73
107-->src/main/AndroidManifest.xml:59:25-70
108
109                <data android:mimeType="image/*" />
109-->src/main/AndroidManifest.xml:20:17-73
109-->src/main/AndroidManifest.xml:20:23-70
110
111                <category android:name="android.intent.category.DEFAULT" />
111-->src/main/AndroidManifest.xml:25:17-76
111-->src/main/AndroidManifest.xml:25:27-73
112                <category android:name="android.intent.category.ALTERNATIVE" />
112-->src/main/AndroidManifest.xml:62:17-80
112-->src/main/AndroidManifest.xml:62:27-77
113                <category android:name="android.intent.category.SELECTED_ALTERNATIVE" />
113-->src/main/AndroidManifest.xml:63:17-89
113-->src/main/AndroidManifest.xml:63:27-86
114            </intent-filter>
115        </activity>
116        <activity
116-->src/main/AndroidManifest.xml:67:9-95:20
117            android:name="com.cooliris.media.MovieView"
117-->src/main/AndroidManifest.xml:67:19-43
118            android:configChanges="orientation|keyboardHidden"
118-->src/main/AndroidManifest.xml:70:13-63
119            android:label="@string/movie_view_label"
119-->src/main/AndroidManifest.xml:68:13-53
120            android:screenOrientation="landscape"
120-->src/main/AndroidManifest.xml:69:13-50
121            android:theme="@android:style/Theme.Black.NoTitleBar.Fullscreen" >
121-->src/main/AndroidManifest.xml:71:13-77
122            <intent-filter>
122-->src/main/AndroidManifest.xml:72:13-77:30
123                <action android:name="android.intent.action.VIEW" />
123-->src/main/AndroidManifest.xml:41:17-69
123-->src/main/AndroidManifest.xml:41:25-66
124
125                <category android:name="android.intent.category.DEFAULT" />
125-->src/main/AndroidManifest.xml:25:17-76
125-->src/main/AndroidManifest.xml:25:27-73
126                <category android:name="android.intent.category.BROWSABLE" />
126-->src/main/AndroidManifest.xml:75:17-78
126-->src/main/AndroidManifest.xml:75:27-75
127
128                <data android:scheme="rtsp" />
128-->src/main/AndroidManifest.xml:20:17-73
128-->src/main/AndroidManifest.xml:76:23-44
129            </intent-filter>
130            <intent-filter>
130-->src/main/AndroidManifest.xml:78:14-83:30
131                <action android:name="android.intent.action.VIEW" />
131-->src/main/AndroidManifest.xml:41:17-69
131-->src/main/AndroidManifest.xml:41:25-66
132
133                <category android:name="android.intent.category.DEFAULT" />
133-->src/main/AndroidManifest.xml:25:17-76
133-->src/main/AndroidManifest.xml:25:27-73
134
135                <data android:mimeType="video/*" />
135-->src/main/AndroidManifest.xml:20:17-73
135-->src/main/AndroidManifest.xml:20:23-70
136                <data android:mimeType="application/sdp" />
136-->src/main/AndroidManifest.xml:20:17-73
136-->src/main/AndroidManifest.xml:20:23-70
137            </intent-filter>
138            <intent-filter>
138-->src/main/AndroidManifest.xml:84:14-94:30
139                <action android:name="android.intent.action.VIEW" />
139-->src/main/AndroidManifest.xml:41:17-69
139-->src/main/AndroidManifest.xml:41:25-66
140
141                <category android:name="android.intent.category.DEFAULT" />
141-->src/main/AndroidManifest.xml:25:17-76
141-->src/main/AndroidManifest.xml:25:27-73
142                <category android:name="android.intent.category.BROWSABLE" />
142-->src/main/AndroidManifest.xml:75:17-78
142-->src/main/AndroidManifest.xml:75:27-75
143
144                <data android:scheme="http" />
144-->src/main/AndroidManifest.xml:20:17-73
144-->src/main/AndroidManifest.xml:76:23-44
145                <data android:mimeType="video/mpeg4" />
145-->src/main/AndroidManifest.xml:20:17-73
145-->src/main/AndroidManifest.xml:20:23-70
146                <data android:mimeType="video/mp4" />
146-->src/main/AndroidManifest.xml:20:17-73
146-->src/main/AndroidManifest.xml:20:23-70
147                <data android:mimeType="video/3gp" />
147-->src/main/AndroidManifest.xml:20:17-73
147-->src/main/AndroidManifest.xml:20:23-70
148                <data android:mimeType="video/3gpp" />
148-->src/main/AndroidManifest.xml:20:17-73
148-->src/main/AndroidManifest.xml:20:23-70
149                <data android:mimeType="video/3gpp2" />
149-->src/main/AndroidManifest.xml:20:17-73
149-->src/main/AndroidManifest.xml:20:23-70
150            </intent-filter>
151        </activity>
152        <activity
152-->src/main/AndroidManifest.xml:97:9-107:20
153            android:name="com.cooliris.media.Photographs"
153-->src/main/AndroidManifest.xml:97:19-45
154            android:icon="@drawable/icon" >
154-->src/main/AndroidManifest.xml:97:46-75
155            <intent-filter android:label="@string/camera_setas_wallpaper" >
155-->src/main/AndroidManifest.xml:98:13-102:29
155-->src/main/AndroidManifest.xml:98:28-74
156                <action android:name="android.intent.action.ATTACH_DATA" />
156-->src/main/AndroidManifest.xml:99:17-76
156-->src/main/AndroidManifest.xml:99:25-73
157
158                <data android:mimeType="image/*" />
158-->src/main/AndroidManifest.xml:20:17-73
158-->src/main/AndroidManifest.xml:20:23-70
159
160                <category android:name="android.intent.category.DEFAULT" />
160-->src/main/AndroidManifest.xml:25:17-76
160-->src/main/AndroidManifest.xml:25:27-73
161            </intent-filter>
162            <intent-filter android:label="@string/app_name" >
162-->src/main/AndroidManifest.xml:103:13-106:29
162-->src/main/AndroidManifest.xml:103:28-60
163                <action android:name="android.intent.action.SET_WALLPAPER" />
163-->src/main/AndroidManifest.xml:104:17-78
163-->src/main/AndroidManifest.xml:104:25-75
164
165                <category android:name="android.intent.category.DEFAULT" />
165-->src/main/AndroidManifest.xml:25:17-76
165-->src/main/AndroidManifest.xml:25:27-73
166            </intent-filter>
167        </activity>
168
169        <provider
169-->src/main/AndroidManifest.xml:109:9-113:20
170            android:name="com.cooliris.picasa.PicasaContentProvider"
170-->src/main/AndroidManifest.xml:109:53-109
171            android:authorities="com.cooliris.picasa.contentprovider"
171-->src/main/AndroidManifest.xml:112:13-70
172            android:grantUriPermissions="true"
172-->src/main/AndroidManifest.xml:110:13-47
173            android:label="Picasa Web Albums"
173-->src/main/AndroidManifest.xml:109:19-52
174            android:syncable="true" >
174-->src/main/AndroidManifest.xml:111:13-36
175        </provider>
176
177        <service
177-->src/main/AndroidManifest.xml:115:9-120:19
178            android:name="com.cooliris.picasa.PicasaService"
178-->src/main/AndroidManifest.xml:115:54-102
179            android:label="Picasa Sync Service" >
179-->src/main/AndroidManifest.xml:115:18-53
180            <intent-filter>
180-->src/main/AndroidManifest.xml:116:13-118:29
181                <action android:name="android.content.SyncAdapter" />
181-->src/main/AndroidManifest.xml:117:17-70
181-->src/main/AndroidManifest.xml:117:25-67
182            </intent-filter>
183
184            <meta-data
184-->src/main/AndroidManifest.xml:119:13-105
185                android:name="android.content.SyncAdapter"
185-->src/main/AndroidManifest.xml:119:24-66
186                android:resource="@xml/syncadapter" />
186-->src/main/AndroidManifest.xml:119:67-102
187        </service>
188        <service
188-->src/main/AndroidManifest.xml:122:9-95
189            android:name="com.cooliris.cache.CacheService"
189-->src/main/AndroidManifest.xml:122:47-93
190            android:label="CacheService" />
190-->src/main/AndroidManifest.xml:122:18-46
191
192        <receiver
192-->src/main/AndroidManifest.xml:124:9-142:20
193            android:name="com.cooliris.cache.BootReceiver"
193-->src/main/AndroidManifest.xml:124:48-94
194            android:enabled="true"
194-->src/main/AndroidManifest.xml:125:13-35
195            android:label="BootReceiver"
195-->src/main/AndroidManifest.xml:124:19-47
196            android:permission="android.permission.RECEIVE_BOOT_COMPLETED" >
196-->src/main/AndroidManifest.xml:125:36-98
197            <intent-filter>
197-->src/main/AndroidManifest.xml:126:13-129:29
198                <category android:name="android.intent.category.DEFAULT" />
198-->src/main/AndroidManifest.xml:25:17-76
198-->src/main/AndroidManifest.xml:25:27-73
199
200                <action android:name="android.intent.action.BOOT_COMPLETE" />
200-->src/main/AndroidManifest.xml:128:17-78
200-->src/main/AndroidManifest.xml:128:25-75
201            </intent-filter>
202            <intent-filter>
202-->src/main/AndroidManifest.xml:130:13-133:29
203                <action android:name="android.intent.action.MEDIA_SCANNER_FINISHED" />
203-->src/main/AndroidManifest.xml:131:17-87
203-->src/main/AndroidManifest.xml:131:25-84
204
205                <data android:scheme="file" />
205-->src/main/AndroidManifest.xml:20:17-73
205-->src/main/AndroidManifest.xml:76:23-44
206            </intent-filter>
207            <intent-filter>
207-->src/main/AndroidManifest.xml:134:13-137:29
208                <action android:name="android.intent.action.MEDIA_MOUNTED" />
208-->src/main/AndroidManifest.xml:135:17-78
208-->src/main/AndroidManifest.xml:135:25-75
209
210                <data android:scheme="file" />
210-->src/main/AndroidManifest.xml:20:17-73
210-->src/main/AndroidManifest.xml:76:23-44
211            </intent-filter>
212            <intent-filter>
212-->src/main/AndroidManifest.xml:138:13-141:29
213                <action android:name="android.intent.action.MEDIA_EJECT" />
213-->src/main/AndroidManifest.xml:139:17-76
213-->src/main/AndroidManifest.xml:139:25-73
214
215                <data android:scheme="file" />
215-->src/main/AndroidManifest.xml:20:17-73
215-->src/main/AndroidManifest.xml:76:23-44
216            </intent-filter>
217        </receiver>
218        <receiver
218-->src/main/AndroidManifest.xml:144:9-149:20
219            android:name="com.cooliris.media.PhotoAppWidgetProvider"
219-->src/main/AndroidManifest.xml:144:19-56
220            android:label="@string/gadget_title" >
220-->src/main/AndroidManifest.xml:144:57-93
221            <intent-filter>
221-->src/main/AndroidManifest.xml:145:13-147:29
222                <action android:name="android.appwidget.action.APPWIDGET_UPDATE" />
222-->src/main/AndroidManifest.xml:146:17-84
222-->src/main/AndroidManifest.xml:146:25-81
223            </intent-filter>
224
225            <meta-data
225-->src/main/AndroidManifest.xml:148:13-107
226                android:name="android.appwidget.provider"
226-->src/main/AndroidManifest.xml:148:24-65
227                android:resource="@xml/appwidget_info" />
227-->src/main/AndroidManifest.xml:148:66-104
228        </receiver>
229
230        <!-- We configure a widget by asking to pick a photo, then crop it, and store the config internally -->
231        <activity android:name="com.cooliris.media.PhotoAppWidgetConfigure" >
231-->src/main/AndroidManifest.xml:152:9-156:20
231-->src/main/AndroidManifest.xml:152:19-57
232            <intent-filter>
232-->src/main/AndroidManifest.xml:153:13-155:29
233                <action android:name="android.appwidget.action.APPWIDGET_CONFIGURE" />
233-->src/main/AndroidManifest.xml:154:17-87
233-->src/main/AndroidManifest.xml:154:25-84
234            </intent-filter>
235        </activity>
236
237        <!--
238             We also allow direct binding where the caller provides a bitmap and
239             appWidgetId to bind.  We require the permission because this changes our
240             internal database without user confirmation.
241        -->
242        <activity
242-->src/main/AndroidManifest.xml:162:9-164:74
243            android:name="com.cooliris.media.PhotoAppWidgetBind"
243-->src/main/AndroidManifest.xml:162:19-52
244            android:exported="true"
244-->src/main/AndroidManifest.xml:162:53-76
245            android:permission="android.permission.BIND_APPWIDGET"
245-->src/main/AndroidManifest.xml:164:17-71
246            android:theme="@android:style/Theme.NoDisplay" />
246-->src/main/AndroidManifest.xml:163:17-63
247
248        <receiver android:name="com.cooliris.picasa.PicasaReceiver" >
248-->src/main/AndroidManifest.xml:166:9-170:20
248-->src/main/AndroidManifest.xml:166:19-68
249            <intent-filter>
249-->src/main/AndroidManifest.xml:167:17-169:33
250                <action android:name="android.accounts.LOGIN_ACCOUNTS_CHANGED_ACTION" />
250-->src/main/AndroidManifest.xml:168:21-92
250-->src/main/AndroidManifest.xml:168:29-90
251            </intent-filter>
252        </receiver>
253    </application>
254
255</manifest>